{"/Users/briankuzma/Desktop/HR/SDC/reviews/server/models/reviewsModels.js": {"path":"/Users/briankuzma/Desktop/HR/SDC/reviews/server/models/reviewsModels.js","statementMap":{"0":{"start":{"line":1,"column":16},"end":{"line":1,"column":35}},"1":{"start":{"line":18,"column":29},"end":{"line":34,"column":2}},"2":{"start":{"line":73,"column":27},"end":{"line":73,"column":81}},"3":{"start":{"line":81,"column":0},"end":{"line":81,"column":55}}},"fnMap":{},"branchMap":{},"s":{"0":2,"1":2,"2":2,"3":2},"f":{},"b":{},"_coverageSchema":"1a1c01bbd47fc00a2c39e90264f33305004495a9","hash":"9cf99e65e7bffedd97e786facca6ae46de1b4c60"}
,"/Users/briankuzma/Desktop/HR/SDC/reviews/server/routes/reviewsRoutes.js": {"path":"/Users/briankuzma/Desktop/HR/SDC/reviews/server/routes/reviewsRoutes.js","statementMap":{"0":{"start":{"line":1,"column":16},"end":{"line":1,"column":34}},"1":{"start":{"line":2,"column":15},"end":{"line":2,"column":31}},"2":{"start":{"line":3,"column":25},"end":{"line":3,"column":62}},"3":{"start":{"line":4,"column":18},"end":{"line":4,"column":38}},"4":{"start":{"line":5,"column":11},"end":{"line":5,"column":24}},"5":{"start":{"line":6,"column":19},"end":{"line":6,"column":65}},"6":{"start":{"line":7,"column":13},"end":{"line":7,"column":23}},"7":{"start":{"line":8,"column":16},"end":{"line":8,"column":62}},"8":{"start":{"line":9,"column":19},"end":{"line":9,"column":72}},"9":{"start":{"line":10,"column":33},"end":{"line":10,"column":94}},"10":{"start":{"line":11,"column":26},"end":{"line":11,"column":80}},"11":{"start":{"line":12,"column":12},"end":{"line":12,"column":33}},"12":{"start":{"line":15,"column":0},"end":{"line":58,"column":3}},"13":{"start":{"line":17,"column":13},"end":{"line":17,"column":15}},"14":{"start":{"line":18,"column":22},"end":{"line":18,"column":23}},"15":{"start":{"line":19,"column":18},"end":{"line":19,"column":22}},"16":{"start":{"line":21,"column":19},"end":{"line":56,"column":6}},"17":{"start":{"line":24,"column":27},"end":{"line":24,"column":30}},"18":{"start":{"line":26,"column":26},"end":{"line":28,"column":7}},"19":{"start":{"line":29,"column":6},"end":{"line":29,"column":31}},"20":{"start":{"line":30,"column":6},"end":{"line":44,"column":7}},"21":{"start":{"line":31,"column":8},"end":{"line":31,"column":24}},"22":{"start":{"line":32,"column":8},"end":{"line":43,"column":11}},"23":{"start":{"line":34,"column":10},"end":{"line":34,"column":75}},"24":{"start":{"line":35,"column":10},"end":{"line":35,"column":20}},"25":{"start":{"line":36,"column":10},"end":{"line":36,"column":26}},"26":{"start":{"line":39,"column":10},"end":{"line":39,"column":28}},"27":{"start":{"line":42,"column":10},"end":{"line":42,"column":29}},"28":{"start":{"line":47,"column":6},"end":{"line":55,"column":7}},"29":{"start":{"line":48,"column":8},"end":{"line":54,"column":11}},"30":{"start":{"line":50,"column":10},"end":{"line":50,"column":74}},"31":{"start":{"line":53,"column":10},"end":{"line":53,"column":29}},"32":{"start":{"line":57,"column":4},"end":{"line":57,"column":23}},"33":{"start":{"line":61,"column":0},"end":{"line":102,"column":3}},"34":{"start":{"line":63,"column":19},"end":{"line":64,"column":31}},"35":{"start":{"line":67,"column":20},"end":{"line":67,"column":22}},"36":{"start":{"line":68,"column":23},"end":{"line":68,"column":24}},"37":{"start":{"line":70,"column":2},"end":{"line":94,"column":7}},"38":{"start":{"line":71,"column":19},"end":{"line":71,"column":35}},"39":{"start":{"line":72,"column":18},"end":{"line":72,"column":34}},"40":{"start":{"line":74,"column":19},"end":{"line":77,"column":5}},"41":{"start":{"line":79,"column":4},"end":{"line":84,"column":7}},"42":{"start":{"line":86,"column":4},"end":{"line":93,"column":5}},"43":{"start":{"line":87,"column":6},"end":{"line":87,"column":22}},"44":{"start":{"line":88,"column":6},"end":{"line":88,"column":46}},"45":{"start":{"line":89,"column":6},"end":{"line":89,"column":25}},"46":{"start":{"line":90,"column":6},"end":{"line":90,"column":21}},"47":{"start":{"line":91,"column":6},"end":{"line":91,"column":57}},"48":{"start":{"line":92,"column":6},"end":{"line":92,"column":23}},"49":{"start":{"line":96,"column":4},"end":{"line":100,"column":7}},"50":{"start":{"line":97,"column":4},"end":{"line":99,"column":5}},"51":{"start":{"line":98,"column":6},"end":{"line":98,"column":46}},"52":{"start":{"line":101,"column":2},"end":{"line":101,"column":21}},"53":{"start":{"line":105,"column":0},"end":{"line":176,"column":3}},"54":{"start":{"line":106,"column":19},"end":{"line":107,"column":31}},"55":{"start":{"line":109,"column":18},"end":{"line":109,"column":20}},"56":{"start":{"line":110,"column":21},"end":{"line":110,"column":22}},"57":{"start":{"line":112,"column":2},"end":{"line":168,"column":5}},"58":{"start":{"line":113,"column":22},"end":{"line":113,"column":38}},"59":{"start":{"line":114,"column":26},"end":{"line":114,"column":42}},"60":{"start":{"line":115,"column":30},"end":{"line":115,"column":47}},"61":{"start":{"line":117,"column":4},"end":{"line":121,"column":5}},"62":{"start":{"line":118,"column":6},"end":{"line":118,"column":20}},"63":{"start":{"line":120,"column":6},"end":{"line":120,"column":21}},"64":{"start":{"line":123,"column":4},"end":{"line":127,"column":5}},"65":{"start":{"line":124,"column":6},"end":{"line":124,"column":20}},"66":{"start":{"line":126,"column":6},"end":{"line":126,"column":21}},"67":{"start":{"line":129,"column":4},"end":{"line":131,"column":5}},"68":{"start":{"line":130,"column":6},"end":{"line":130,"column":21}},"69":{"start":{"line":133,"column":4},"end":{"line":133,"column":11}},"70":{"start":{"line":134,"column":20},"end":{"line":134,"column":34}},"71":{"start":{"line":135,"column":15},"end":{"line":135,"column":34}},"72":{"start":{"line":136,"column":20},"end":{"line":136,"column":58}},"73":{"start":{"line":138,"column":18},"end":{"line":138,"column":24}},"74":{"start":{"line":139,"column":15},"end":{"line":151,"column":3}},"75":{"start":{"line":153,"column":2},"end":{"line":158,"column":5}},"76":{"start":{"line":160,"column":2},"end":{"line":167,"column":3}},"77":{"start":{"line":161,"column":4},"end":{"line":161,"column":20}},"78":{"start":{"line":162,"column":4},"end":{"line":162,"column":44}},"79":{"start":{"line":163,"column":4},"end":{"line":163,"column":23}},"80":{"start":{"line":164,"column":4},"end":{"line":164,"column":19}},"81":{"start":{"line":165,"column":4},"end":{"line":165,"column":55}},"82":{"start":{"line":166,"column":4},"end":{"line":166,"column":21}},"83":{"start":{"line":170,"column":2},"end":{"line":174,"column":5}},"84":{"start":{"line":171,"column":2},"end":{"line":173,"column":3}},"85":{"start":{"line":172,"column":4},"end":{"line":172,"column":44}},"86":{"start":{"line":175,"column":2},"end":{"line":175,"column":21}},"87":{"start":{"line":178,"column":0},"end":{"line":223,"column":3}},"88":{"start":{"line":180,"column":19},"end":{"line":181,"column":31}},"89":{"start":{"line":184,"column":20},"end":{"line":184,"column":22}},"90":{"start":{"line":185,"column":23},"end":{"line":185,"column":24}},"91":{"start":{"line":187,"column":2},"end":{"line":215,"column":7}},"92":{"start":{"line":188,"column":19},"end":{"line":188,"column":35}},"93":{"start":{"line":189,"column":13},"end":{"line":189,"column":29}},"94":{"start":{"line":190,"column":27},"end":{"line":190,"column":43}},"95":{"start":{"line":191,"column":18},"end":{"line":191,"column":34}},"96":{"start":{"line":193,"column":28},"end":{"line":198,"column":5}},"97":{"start":{"line":200,"column":4},"end":{"line":205,"column":7}},"98":{"start":{"line":207,"column":4},"end":{"line":214,"column":5}},"99":{"start":{"line":208,"column":6},"end":{"line":208,"column":22}},"100":{"start":{"line":209,"column":6},"end":{"line":209,"column":46}},"101":{"start":{"line":210,"column":6},"end":{"line":210,"column":25}},"102":{"start":{"line":211,"column":6},"end":{"line":211,"column":21}},"103":{"start":{"line":212,"column":6},"end":{"line":212,"column":57}},"104":{"start":{"line":213,"column":6},"end":{"line":213,"column":23}},"105":{"start":{"line":217,"column":4},"end":{"line":221,"column":7}},"106":{"start":{"line":218,"column":4},"end":{"line":220,"column":5}},"107":{"start":{"line":219,"column":6},"end":{"line":219,"column":46}},"108":{"start":{"line":222,"column":2},"end":{"line":222,"column":21}},"109":{"start":{"line":226,"column":0},"end":{"line":262,"column":3}},"110":{"start":{"line":228,"column":19},"end":{"line":229,"column":31}},"111":{"start":{"line":232,"column":20},"end":{"line":232,"column":22}},"112":{"start":{"line":233,"column":23},"end":{"line":233,"column":24}},"113":{"start":{"line":235,"column":2},"end":{"line":254,"column":7}},"114":{"start":{"line":236,"column":13},"end":{"line":236,"column":29}},"115":{"start":{"line":238,"column":4},"end":{"line":244,"column":7}},"116":{"start":{"line":246,"column":4},"end":{"line":253,"column":5}},"117":{"start":{"line":247,"column":6},"end":{"line":247,"column":22}},"118":{"start":{"line":248,"column":6},"end":{"line":248,"column":46}},"119":{"start":{"line":249,"column":6},"end":{"line":249,"column":25}},"120":{"start":{"line":250,"column":6},"end":{"line":250,"column":21}},"121":{"start":{"line":251,"column":6},"end":{"line":251,"column":57}},"122":{"start":{"line":252,"column":6},"end":{"line":252,"column":23}},"123":{"start":{"line":256,"column":4},"end":{"line":260,"column":7}},"124":{"start":{"line":257,"column":4},"end":{"line":259,"column":5}},"125":{"start":{"line":258,"column":6},"end":{"line":258,"column":46}},"126":{"start":{"line":261,"column":2},"end":{"line":261,"column":21}},"127":{"start":{"line":268,"column":0},"end":{"line":289,"column":3}},"128":{"start":{"line":269,"column":21},"end":{"line":269,"column":46}},"129":{"start":{"line":270,"column":15},"end":{"line":270,"column":34}},"130":{"start":{"line":271,"column":16},"end":{"line":271,"column":36}},"131":{"start":{"line":272,"column":15},"end":{"line":272,"column":41}},"132":{"start":{"line":274,"column":2},"end":{"line":288,"column":3}},"133":{"start":{"line":275,"column":27},"end":{"line":275,"column":117}},"134":{"start":{"line":276,"column":22},"end":{"line":276,"column":24}},"135":{"start":{"line":278,"column":4},"end":{"line":278,"column":50}},"136":{"start":{"line":279,"column":4},"end":{"line":279,"column":34}},"137":{"start":{"line":280,"column":4},"end":{"line":280,"column":32}},"138":{"start":{"line":281,"column":4},"end":{"line":281,"column":50}},"139":{"start":{"line":282,"column":4},"end":{"line":282,"column":36}},"140":{"start":{"line":285,"column":4},"end":{"line":285,"column":36}},"141":{"start":{"line":287,"column":4},"end":{"line":287,"column":63}},"142":{"start":{"line":292,"column":0},"end":{"line":317,"column":3}},"143":{"start":{"line":294,"column":21},"end":{"line":294,"column":73}},"144":{"start":{"line":295,"column":22},"end":{"line":295,"column":46}},"145":{"start":{"line":297,"column":20},"end":{"line":310,"column":4}},"146":{"start":{"line":311,"column":2},"end":{"line":316,"column":1}},"147":{"start":{"line":312,"column":24},"end":{"line":312,"column":46}},"148":{"start":{"line":313,"column":4},"end":{"line":313,"column":38}},"149":{"start":{"line":315,"column":4},"end":{"line":315,"column":82}},"150":{"start":{"line":319,"column":0},"end":{"line":388,"column":3}},"151":{"start":{"line":320,"column":21},"end":{"line":320,"column":46}},"152":{"start":{"line":321,"column":2},"end":{"line":387,"column":7}},"153":{"start":{"line":323,"column":23},"end":{"line":323,"column":42}},"154":{"start":{"line":325,"column":24},"end":{"line":325,"column":26}},"155":{"start":{"line":326,"column":22},"end":{"line":333,"column":7}},"156":{"start":{"line":335,"column":24},"end":{"line":338,"column":7}},"157":{"start":{"line":340,"column":6},"end":{"line":351,"column":7}},"158":{"start":{"line":340,"column":19},"end":{"line":340,"column":20}},"159":{"start":{"line":341,"column":8},"end":{"line":343,"column":11}},"160":{"start":{"line":342,"column":10},"end":{"line":342,"column":36}},"161":{"start":{"line":344,"column":28},"end":{"line":344,"column":48}},"162":{"start":{"line":345,"column":8},"end":{"line":345,"column":39}},"163":{"start":{"line":346,"column":8},"end":{"line":350,"column":9}},"164":{"start":{"line":347,"column":10},"end":{"line":347,"column":31}},"165":{"start":{"line":349,"column":10},"end":{"line":349,"column":31}},"166":{"start":{"line":353,"column":4},"end":{"line":353,"column":17}},"167":{"start":{"line":354,"column":4},"end":{"line":365,"column":5}},"168":{"start":{"line":354,"column":17},"end":{"line":354,"column":18}},"169":{"start":{"line":355,"column":6},"end":{"line":364,"column":7}},"170":{"start":{"line":356,"column":8},"end":{"line":356,"column":43}},"171":{"start":{"line":357,"column":8},"end":{"line":357,"column":61}},"172":{"start":{"line":358,"column":8},"end":{"line":358,"column":51}},"173":{"start":{"line":359,"column":8},"end":{"line":359,"column":67}},"174":{"start":{"line":362,"column":8},"end":{"line":362,"column":52}},"175":{"start":{"line":363,"column":8},"end":{"line":363,"column":68}},"176":{"start":{"line":366,"column":4},"end":{"line":371,"column":5}},"177":{"start":{"line":367,"column":18},"end":{"line":367,"column":40}},"178":{"start":{"line":368,"column":16},"end":{"line":368,"column":35}},"179":{"start":{"line":369,"column":6},"end":{"line":369,"column":38}},"180":{"start":{"line":370,"column":6},"end":{"line":370,"column":36}},"181":{"start":{"line":375,"column":20},"end":{"line":375,"column":22}},"182":{"start":{"line":376,"column":4},"end":{"line":376,"column":46}},"183":{"start":{"line":377,"column":4},"end":{"line":377,"column":35}},"184":{"start":{"line":378,"column":4},"end":{"line":378,"column":38}},"185":{"start":{"line":379,"column":4},"end":{"line":379,"column":41}},"186":{"start":{"line":381,"column":4},"end":{"line":381,"column":27}},"187":{"start":{"line":383,"column":4},"end":{"line":383,"column":36}},"188":{"start":{"line":386,"column":6},"end":{"line":386,"column":78}},"189":{"start":{"line":391,"column":0},"end":{"line":401,"column":3}},"190":{"start":{"line":392,"column":20},"end":{"line":392,"column":44}},"191":{"start":{"line":394,"column":4},"end":{"line":400,"column":7}},"192":{"start":{"line":396,"column":6},"end":{"line":396,"column":37}},"193":{"start":{"line":399,"column":6},"end":{"line":399,"column":69}},"194":{"start":{"line":404,"column":0},"end":{"line":404,"column":24}}},"fnMap":{"0":{"name":"(anonymous_0)","decl":{"start":{"line":15,"column":30},"end":{"line":15,"column":31}},"loc":{"start":{"line":15,"column":50},"end":{"line":58,"column":1}},"line":15},"1":{"name":"(anonymous_1)","decl":{"start":{"line":23,"column":16},"end":{"line":23,"column":17}},"loc":{"start":{"line":23,"column":31},"end":{"line":45,"column":5}},"line":23},"2":{"name":"(anonymous_2)","decl":{"start":{"line":33,"column":14},"end":{"line":33,"column":15}},"loc":{"start":{"line":33,"column":20},"end":{"line":37,"column":9}},"line":33},"3":{"name":"(anonymous_3)","decl":{"start":{"line":38,"column":14},"end":{"line":38,"column":15}},"loc":{"start":{"line":38,"column":18},"end":{"line":40,"column":9}},"line":38},"4":{"name":"(anonymous_4)","decl":{"start":{"line":41,"column":15},"end":{"line":41,"column":16}},"loc":{"start":{"line":41,"column":24},"end":{"line":43,"column":9}},"line":41},"5":{"name":"(anonymous_5)","decl":{"start":{"line":46,"column":15},"end":{"line":46,"column":16}},"loc":{"start":{"line":46,"column":21},"end":{"line":56,"column":5}},"line":46},"6":{"name":"(anonymous_6)","decl":{"start":{"line":49,"column":14},"end":{"line":49,"column":15}},"loc":{"start":{"line":49,"column":20},"end":{"line":51,"column":9}},"line":49},"7":{"name":"(anonymous_7)","decl":{"start":{"line":52,"column":15},"end":{"line":52,"column":16}},"loc":{"start":{"line":52,"column":24},"end":{"line":54,"column":9}},"line":52},"8":{"name":"(anonymous_8)","decl":{"start":{"line":61,"column":26},"end":{"line":61,"column":27}},"loc":{"start":{"line":61,"column":46},"end":{"line":102,"column":1}},"line":61},"9":{"name":"(anonymous_9)","decl":{"start":{"line":70,"column":22},"end":{"line":70,"column":23}},"loc":{"start":{"line":70,"column":37},"end":{"line":94,"column":5}},"line":70},"10":{"name":"(anonymous_10)","decl":{"start":{"line":96,"column":23},"end":{"line":96,"column":24}},"loc":{"start":{"line":96,"column":35},"end":{"line":100,"column":5}},"line":96},"11":{"name":"(anonymous_11)","decl":{"start":{"line":105,"column":26},"end":{"line":105,"column":27}},"loc":{"start":{"line":105,"column":46},"end":{"line":176,"column":1}},"line":105},"12":{"name":"(anonymous_12)","decl":{"start":{"line":112,"column":22},"end":{"line":112,"column":23}},"loc":{"start":{"line":112,"column":37},"end":{"line":168,"column":3}},"line":112},"13":{"name":"(anonymous_13)","decl":{"start":{"line":170,"column":21},"end":{"line":170,"column":22}},"loc":{"start":{"line":170,"column":33},"end":{"line":174,"column":3}},"line":170},"14":{"name":"(anonymous_14)","decl":{"start":{"line":178,"column":35},"end":{"line":178,"column":36}},"loc":{"start":{"line":178,"column":55},"end":{"line":223,"column":1}},"line":178},"15":{"name":"(anonymous_15)","decl":{"start":{"line":187,"column":22},"end":{"line":187,"column":23}},"loc":{"start":{"line":187,"column":37},"end":{"line":215,"column":5}},"line":187},"16":{"name":"(anonymous_16)","decl":{"start":{"line":217,"column":23},"end":{"line":217,"column":24}},"loc":{"start":{"line":217,"column":35},"end":{"line":221,"column":5}},"line":217},"17":{"name":"(anonymous_17)","decl":{"start":{"line":226,"column":29},"end":{"line":226,"column":30}},"loc":{"start":{"line":226,"column":49},"end":{"line":262,"column":1}},"line":226},"18":{"name":"(anonymous_18)","decl":{"start":{"line":235,"column":22},"end":{"line":235,"column":23}},"loc":{"start":{"line":235,"column":37},"end":{"line":254,"column":5}},"line":235},"19":{"name":"(anonymous_19)","decl":{"start":{"line":256,"column":23},"end":{"line":256,"column":24}},"loc":{"start":{"line":256,"column":35},"end":{"line":260,"column":5}},"line":256},"20":{"name":"(anonymous_20)","decl":{"start":{"line":268,"column":16},"end":{"line":268,"column":17}},"loc":{"start":{"line":268,"column":36},"end":{"line":289,"column":1}},"line":268},"21":{"name":"(anonymous_21)","decl":{"start":{"line":292,"column":17},"end":{"line":292,"column":18}},"loc":{"start":{"line":292,"column":37},"end":{"line":317,"column":1}},"line":292},"22":{"name":"(anonymous_22)","decl":{"start":{"line":319,"column":24},"end":{"line":319,"column":25}},"loc":{"start":{"line":319,"column":38},"end":{"line":388,"column":1}},"line":319},"23":{"name":"(anonymous_23)","decl":{"start":{"line":322,"column":10},"end":{"line":322,"column":11}},"loc":{"start":{"line":322,"column":22},"end":{"line":384,"column":5}},"line":322},"24":{"name":"(anonymous_24)","decl":{"start":{"line":341,"column":46},"end":{"line":341,"column":47}},"loc":{"start":{"line":341,"column":57},"end":{"line":343,"column":9}},"line":341},"25":{"name":"(anonymous_25)","decl":{"start":{"line":385,"column":11},"end":{"line":385,"column":12}},"loc":{"start":{"line":385,"column":18},"end":{"line":387,"column":5}},"line":385},"26":{"name":"(anonymous_26)","decl":{"start":{"line":391,"column":23},"end":{"line":391,"column":24}},"loc":{"start":{"line":391,"column":43},"end":{"line":401,"column":1}},"line":391},"27":{"name":"(anonymous_27)","decl":{"start":{"line":395,"column":10},"end":{"line":395,"column":11}},"loc":{"start":{"line":395,"column":22},"end":{"line":397,"column":5}},"line":395},"28":{"name":"(anonymous_28)","decl":{"start":{"line":398,"column":11},"end":{"line":398,"column":12}},"loc":{"start":{"line":398,"column":18},"end":{"line":400,"column":5}},"line":398}},"branchMap":{"0":{"loc":{"start":{"line":30,"column":6},"end":{"line":44,"column":7}},"type":"if","locations":[{"start":{"line":30,"column":6},"end":{"line":44,"column":7}},{"start":{},"end":{}}],"line":30},"1":{"loc":{"start":{"line":47,"column":6},"end":{"line":55,"column":7}},"type":"if","locations":[{"start":{"line":47,"column":6},"end":{"line":55,"column":7}},{"start":{},"end":{}}],"line":47},"2":{"loc":{"start":{"line":86,"column":4},"end":{"line":93,"column":5}},"type":"if","locations":[{"start":{"line":86,"column":4},"end":{"line":93,"column":5}},{"start":{},"end":{}}],"line":86},"3":{"loc":{"start":{"line":97,"column":4},"end":{"line":99,"column":5}},"type":"if","locations":[{"start":{"line":97,"column":4},"end":{"line":99,"column":5}},{"start":{},"end":{}}],"line":97},"4":{"loc":{"start":{"line":117,"column":4},"end":{"line":121,"column":5}},"type":"if","locations":[{"start":{"line":117,"column":4},"end":{"line":121,"column":5}},{"start":{"line":119,"column":11},"end":{"line":121,"column":5}}],"line":117},"5":{"loc":{"start":{"line":123,"column":4},"end":{"line":127,"column":5}},"type":"if","locations":[{"start":{"line":123,"column":4},"end":{"line":127,"column":5}},{"start":{"line":125,"column":11},"end":{"line":127,"column":5}}],"line":123},"6":{"loc":{"start":{"line":129,"column":4},"end":{"line":131,"column":5}},"type":"if","locations":[{"start":{"line":129,"column":4},"end":{"line":131,"column":5}},{"start":{},"end":{}}],"line":129},"7":{"loc":{"start":{"line":160,"column":2},"end":{"line":167,"column":3}},"type":"if","locations":[{"start":{"line":160,"column":2},"end":{"line":167,"column":3}},{"start":{},"end":{}}],"line":160},"8":{"loc":{"start":{"line":171,"column":2},"end":{"line":173,"column":3}},"type":"if","locations":[{"start":{"line":171,"column":2},"end":{"line":173,"column":3}},{"start":{},"end":{}}],"line":171},"9":{"loc":{"start":{"line":207,"column":4},"end":{"line":214,"column":5}},"type":"if","locations":[{"start":{"line":207,"column":4},"end":{"line":214,"column":5}},{"start":{},"end":{}}],"line":207},"10":{"loc":{"start":{"line":218,"column":4},"end":{"line":220,"column":5}},"type":"if","locations":[{"start":{"line":218,"column":4},"end":{"line":220,"column":5}},{"start":{},"end":{}}],"line":218},"11":{"loc":{"start":{"line":246,"column":4},"end":{"line":253,"column":5}},"type":"if","locations":[{"start":{"line":246,"column":4},"end":{"line":253,"column":5}},{"start":{},"end":{}}],"line":246},"12":{"loc":{"start":{"line":257,"column":4},"end":{"line":259,"column":5}},"type":"if","locations":[{"start":{"line":257,"column":4},"end":{"line":259,"column":5}},{"start":{},"end":{}}],"line":257},"13":{"loc":{"start":{"line":269,"column":21},"end":{"line":269,"column":46}},"type":"binary-expr","locations":[{"start":{"line":269,"column":21},"end":{"line":269,"column":41}},{"start":{"line":269,"column":45},"end":{"line":269,"column":46}}],"line":269},"14":{"loc":{"start":{"line":270,"column":15},"end":{"line":270,"column":34}},"type":"binary-expr","locations":[{"start":{"line":270,"column":15},"end":{"line":270,"column":29}},{"start":{"line":270,"column":33},"end":{"line":270,"column":34}}],"line":270},"15":{"loc":{"start":{"line":271,"column":16},"end":{"line":271,"column":36}},"type":"binary-expr","locations":[{"start":{"line":271,"column":16},"end":{"line":271,"column":31}},{"start":{"line":271,"column":35},"end":{"line":271,"column":36}}],"line":271},"16":{"loc":{"start":{"line":272,"column":15},"end":{"line":272,"column":41}},"type":"binary-expr","locations":[{"start":{"line":272,"column":15},"end":{"line":272,"column":29}},{"start":{"line":272,"column":33},"end":{"line":272,"column":41}}],"line":272},"17":{"loc":{"start":{"line":320,"column":21},"end":{"line":320,"column":46}},"type":"binary-expr","locations":[{"start":{"line":320,"column":21},"end":{"line":320,"column":41}},{"start":{"line":320,"column":45},"end":{"line":320,"column":46}}],"line":320},"18":{"loc":{"start":{"line":346,"column":8},"end":{"line":350,"column":9}},"type":"if","locations":[{"start":{"line":346,"column":8},"end":{"line":350,"column":9}},{"start":{"line":348,"column":15},"end":{"line":350,"column":9}}],"line":346},"19":{"loc":{"start":{"line":355,"column":6},"end":{"line":364,"column":7}},"type":"if","locations":[{"start":{"line":355,"column":6},"end":{"line":364,"column":7}},{"start":{"line":361,"column":11},"end":{"line":364,"column":7}}],"line":355},"20":{"loc":{"start":{"line":392,"column":20},"end":{"line":392,"column":44}},"type":"binary-expr","locations":[{"start":{"line":392,"column":20},"end":{"line":392,"column":39}},{"start":{"line":392,"column":43},"end":{"line":392,"column":44}}],"line":392}},"s":{"0":1,"1":1,"2":1,"3":1,"4":1,"5":1,"6":1,"7":1,"8":1,"9":1,"10":1,"11":1,"12":1,"13":0,"14":0,"15":0,"16":0,"17":0,"18":0,"19":0,"20":0,"21":0,"22":0,"23":0,"24":0,"25":0,"26":0,"27":0,"28":0,"29":0,"30":0,"31":0,"32":0,"33":1,"34":0,"35":0,"36":0,"37":0,"38":0,"39":0,"40":0,"41":0,"42":0,"43":0,"44":0,"45":0,"46":0,"47":0,"48":0,"49":0,"50":0,"51":0,"52":0,"53":1,"54":0,"55":0,"56":0,"57":0,"58":0,"59":0,"60":0,"61":0,"62":0,"63":0,"64":0,"65":0,"66":0,"67":0,"68":0,"69":0,"70":0,"71":0,"72":0,"73":0,"74":0,"75":0,"76":0,"77":0,"78":0,"79":0,"80":0,"81":0,"82":0,"83":0,"84":0,"85":0,"86":0,"87":1,"88":0,"89":0,"90":0,"91":0,"92":0,"93":0,"94":0,"95":0,"96":0,"97":0,"98":0,"99":0,"100":0,"101":0,"102":0,"103":0,"104":0,"105":0,"106":0,"107":0,"108":0,"109":1,"110":0,"111":0,"112":0,"113":0,"114":0,"115":0,"116":0,"117":0,"118":0,"119":0,"120":0,"121":0,"122":0,"123":0,"124":0,"125":0,"126":0,"127":1,"128":1,"129":1,"130":1,"131":1,"132":1,"133":1,"134":1,"135":1,"136":1,"137":1,"138":1,"139":1,"140":1,"141":0,"142":1,"143":0,"144":0,"145":0,"146":0,"147":0,"148":0,"149":0,"150":1,"151":1,"152":1,"153":1,"154":1,"155":1,"156":1,"157":1,"158":1,"159":1,"160":1,"161":1,"162":1,"163":1,"164":1,"165":0,"166":1,"167":1,"168":1,"169":1,"170":1,"171":1,"172":1,"173":1,"174":0,"175":0,"176":1,"177":1,"178":1,"179":1,"180":1,"181":1,"182":1,"183":1,"184":1,"185":1,"186":1,"187":1,"188":0,"189":1,"190":1,"191":1,"192":1,"193":0,"194":1},"f":{"0":0,"1":0,"2":0,"3":0,"4":0,"5":0,"6":0,"7":0,"8":0,"9":0,"10":0,"11":0,"12":0,"13":0,"14":0,"15":0,"16":0,"17":0,"18":0,"19":0,"20":1,"21":0,"22":1,"23":1,"24":1,"25":0,"26":1,"27":1,"28":0},"b":{"0":[0,0],"1":[0,0],"2":[0,0],"3":[0,0],"4":[0,0],"5":[0,0],"6":[0,0],"7":[0,0],"8":[0,0],"9":[0,0],"10":[0,0],"11":[0,0],"12":[0,0],"13":[1,1],"14":[1,1],"15":[1,1],"16":[1,1],"17":[1,1],"18":[1,0],"19":[1,0],"20":[1,0]},"_coverageSchema":"1a1c01bbd47fc00a2c39e90264f33305004495a9","hash":"95a2f0c1fb280c2f14ab109189c0bf6462fb258e"}
}
