TN:
SF:server/models/reviewsModels.js
FNF:0
FNH:0
DA:1,2
DA:18,2
DA:73,2
DA:81,2
LF:4
LH:4
BRF:0
BRH:0
end_of_record
TN:
SF:server/routes/reviewsRoutes.js
FN:15,(anonymous_0)
FN:23,(anonymous_1)
FN:33,(anonymous_2)
FN:38,(anonymous_3)
FN:41,(anonymous_4)
FN:46,(anonymous_5)
FN:49,(anonymous_6)
FN:52,(anonymous_7)
FN:61,(anonymous_8)
FN:70,(anonymous_9)
FN:96,(anonymous_10)
FN:105,(anonymous_11)
FN:112,(anonymous_12)
FN:170,(anonymous_13)
FN:178,(anonymous_14)
FN:187,(anonymous_15)
FN:217,(anonymous_16)
FN:226,(anonymous_17)
FN:235,(anonymous_18)
FN:256,(anonymous_19)
FN:268,(anonymous_20)
FN:292,(anonymous_21)
FN:319,(anonymous_22)
FN:322,(anonymous_23)
FN:341,(anonymous_24)
FN:385,(anonymous_25)
FN:391,(anonymous_26)
FN:395,(anonymous_27)
FN:398,(anonymous_28)
FNF:29
FNH:6
FNDA:0,(anonymous_0)
FNDA:0,(anonymous_1)
FNDA:0,(anonymous_2)
FNDA:0,(anonymous_3)
FNDA:0,(anonymous_4)
FNDA:0,(anonymous_5)
FNDA:0,(anonymous_6)
FNDA:0,(anonymous_7)
FNDA:0,(anonymous_8)
FNDA:0,(anonymous_9)
FNDA:0,(anonymous_10)
FNDA:0,(anonymous_11)
FNDA:0,(anonymous_12)
FNDA:0,(anonymous_13)
FNDA:0,(anonymous_14)
FNDA:0,(anonymous_15)
FNDA:0,(anonymous_16)
FNDA:0,(anonymous_17)
FNDA:0,(anonymous_18)
FNDA:0,(anonymous_19)
FNDA:1,(anonymous_20)
FNDA:0,(anonymous_21)
FNDA:1,(anonymous_22)
FNDA:1,(anonymous_23)
FNDA:1,(anonymous_24)
FNDA:0,(anonymous_25)
FNDA:1,(anonymous_26)
FNDA:1,(anonymous_27)
FNDA:0,(anonymous_28)
DA:1,1
DA:2,1
DA:3,1
DA:4,1
DA:5,1
DA:6,1
DA:7,1
DA:8,1
DA:9,1
DA:10,1
DA:11,1
DA:12,1
DA:15,1
DA:17,0
DA:18,0
DA:19,0
DA:21,0
DA:24,0
DA:26,0
DA:29,0
DA:30,0
DA:31,0
DA:32,0
DA:34,0
DA:35,0
DA:36,0
DA:39,0
DA:42,0
DA:47,0
DA:48,0
DA:50,0
DA:53,0
DA:57,0
DA:61,1
DA:63,0
DA:67,0
DA:68,0
DA:70,0
DA:71,0
DA:72,0
DA:74,0
DA:79,0
DA:86,0
DA:87,0
DA:88,0
DA:89,0
DA:90,0
DA:91,0
DA:92,0
DA:96,0
DA:97,0
DA:98,0
DA:101,0
DA:105,1
DA:106,0
DA:109,0
DA:110,0
DA:112,0
DA:113,0
DA:114,0
DA:115,0
DA:117,0
DA:118,0
DA:120,0
DA:123,0
DA:124,0
DA:126,0
DA:129,0
DA:130,0
DA:133,0
DA:134,0
DA:135,0
DA:136,0
DA:138,0
DA:139,0
DA:153,0
DA:160,0
DA:161,0
DA:162,0
DA:163,0
DA:164,0
DA:165,0
DA:166,0
DA:170,0
DA:171,0
DA:172,0
DA:175,0
DA:178,1
DA:180,0
DA:184,0
DA:185,0
DA:187,0
DA:188,0
DA:189,0
DA:190,0
DA:191,0
DA:193,0
DA:200,0
DA:207,0
DA:208,0
DA:209,0
DA:210,0
DA:211,0
DA:212,0
DA:213,0
DA:217,0
DA:218,0
DA:219,0
DA:222,0
DA:226,1
DA:228,0
DA:232,0
DA:233,0
DA:235,0
DA:236,0
DA:238,0
DA:246,0
DA:247,0
DA:248,0
DA:249,0
DA:250,0
DA:251,0
DA:252,0
DA:256,0
DA:257,0
DA:258,0
DA:261,0
DA:268,1
DA:269,1
DA:270,1
DA:271,1
DA:272,1
DA:274,1
DA:275,1
DA:276,1
DA:278,1
DA:279,1
DA:280,1
DA:281,1
DA:282,1
DA:285,1
DA:287,0
DA:292,1
DA:294,0
DA:295,0
DA:297,0
DA:311,0
DA:312,0
DA:313,0
DA:315,0
DA:319,1
DA:320,1
DA:321,1
DA:323,1
DA:325,1
DA:326,1
DA:335,1
DA:340,1
DA:341,1
DA:342,1
DA:344,1
DA:345,1
DA:346,1
DA:347,1
DA:349,0
DA:353,1
DA:354,1
DA:355,1
DA:356,1
DA:357,1
DA:358,1
DA:359,1
DA:362,0
DA:363,0
DA:366,1
DA:367,1
DA:368,1
DA:369,1
DA:370,1
DA:375,1
DA:376,1
DA:377,1
DA:378,1
DA:379,1
DA:381,1
DA:383,1
DA:386,0
DA:391,1
DA:392,1
DA:394,1
DA:396,1
DA:399,0
DA:404,1
LF:193
LH:70
BRDA:30,0,0,0
BRDA:30,0,1,0
BRDA:47,1,0,0
BRDA:47,1,1,0
BRDA:86,2,0,0
BRDA:86,2,1,0
BRDA:97,3,0,0
BRDA:97,3,1,0
BRDA:117,4,0,0
BRDA:117,4,1,0
BRDA:123,5,0,0
BRDA:123,5,1,0
BRDA:129,6,0,0
BRDA:129,6,1,0
BRDA:160,7,0,0
BRDA:160,7,1,0
BRDA:171,8,0,0
BRDA:171,8,1,0
BRDA:207,9,0,0
BRDA:207,9,1,0
BRDA:218,10,0,0
BRDA:218,10,1,0
BRDA:246,11,0,0
BRDA:246,11,1,0
BRDA:257,12,0,0
BRDA:257,12,1,0
BRDA:269,13,0,1
BRDA:269,13,1,1
BRDA:270,14,0,1
BRDA:270,14,1,1
BRDA:271,15,0,1
BRDA:271,15,1,1
BRDA:272,16,0,1
BRDA:272,16,1,1
BRDA:320,17,0,1
BRDA:320,17,1,1
BRDA:346,18,0,1
BRDA:346,18,1,0
BRDA:355,19,0,1
BRDA:355,19,1,0
BRDA:392,20,0,1
BRDA:392,20,1,0
BRF:42
BRH:13
end_of_record
